[debug] [2025-11-25T13:24:51.733Z] ----------------------------------------------------------------------
[debug] [2025-11-25T13:24:51.737Z] Command:       C:\Program Files\nodejs\node.exe C:\Users\eze33\AppData\Roaming\npm\node_modules\firebase-tools\lib\bin\firebase.js serve --only hosting
[debug] [2025-11-25T13:24:51.737Z] CLI Version:   14.26.0
[debug] [2025-11-25T13:24:51.737Z] Platform:      win32
[debug] [2025-11-25T13:24:51.737Z] Node Version:  v20.10.0
[debug] [2025-11-25T13:24:51.738Z] Time:          Tue Nov 25 2025 08:24:51 GMT-0500 (Eastern Standard Time)
[debug] [2025-11-25T13:24:51.738Z] ----------------------------------------------------------------------
[debug] 
[debug] [2025-11-25T13:24:51.979Z] > command requires scopes: ["email","openid","https://www.googleapis.com/auth/cloudplatformprojects.readonly","https://www.googleapis.com/auth/firebase","https://www.googleapis.com/auth/cloud-platform"]
[debug] [2025-11-25T13:24:51.979Z] > authorizing via signed-in user (redstonewizard33@gmail.com)
[debug] [2025-11-25T13:24:51.979Z] [iam] checking project tiger-finder for permissions ["firebase.projects.get"]
[debug] [2025-11-25T13:24:51.981Z] Checked if tokens are valid: true, expires at: 1764079635250
[debug] [2025-11-25T13:24:51.981Z] Checked if tokens are valid: true, expires at: 1764079635250
[debug] [2025-11-25T13:24:51.982Z] >>> [apiv2][query] POST https://cloudresourcemanager.googleapis.com/v1/projects/tiger-finder:testIamPermissions [none]
[debug] [2025-11-25T13:24:51.982Z] >>> [apiv2][(partial)header] POST https://cloudresourcemanager.googleapis.com/v1/projects/tiger-finder:testIamPermissions x-goog-quota-user=projects/tiger-finder
[debug] [2025-11-25T13:24:51.982Z] >>> [apiv2][body] POST https://cloudresourcemanager.googleapis.com/v1/projects/tiger-finder:testIamPermissions {"permissions":["firebase.projects.get"]}
[debug] [2025-11-25T13:24:52.164Z] <<< [apiv2][status] POST https://cloudresourcemanager.googleapis.com/v1/projects/tiger-finder:testIamPermissions 200
[debug] [2025-11-25T13:24:52.165Z] <<< [apiv2][body] POST https://cloudresourcemanager.googleapis.com/v1/projects/tiger-finder:testIamPermissions {"permissions":["firebase.projects.get"]}
[debug] [2025-11-25T13:24:52.166Z] Checked if tokens are valid: true, expires at: 1764079635250
[debug] [2025-11-25T13:24:52.166Z] Checked if tokens are valid: true, expires at: 1764079635250
[debug] [2025-11-25T13:24:52.166Z] >>> [apiv2][query] GET https://cloudresourcemanager.googleapis.com/v1/projects/tiger-finder [none]
[debug] [2025-11-25T13:24:52.235Z] <<< [apiv2][status] GET https://cloudresourcemanager.googleapis.com/v1/projects/tiger-finder 200
[debug] [2025-11-25T13:24:52.235Z] <<< [apiv2][body] GET https://cloudresourcemanager.googleapis.com/v1/projects/tiger-finder {"projectNumber":"435287914958","projectId":"tiger-finder","lifecycleState":"ACTIVE","name":"Tiger Finder","labels":{"firebase":"enabled","firebase-core":"disabled"},"createTime":"2025-11-19T13:50:15.560803Z"}
[debug] [2025-11-25T13:24:52.238Z] Checked if tokens are valid: true, expires at: 1764079635250
[debug] [2025-11-25T13:24:52.238Z] Checked if tokens are valid: true, expires at: 1764079635250
[debug] [2025-11-25T13:24:52.239Z] >>> [apiv2][query] GET https://firebasehosting.googleapis.com/v1beta1/projects/tiger-finder/sites 
[debug] [2025-11-25T13:24:52.581Z] <<< [apiv2][status] GET https://firebasehosting.googleapis.com/v1beta1/projects/tiger-finder/sites 200
[debug] [2025-11-25T13:24:52.582Z] <<< [apiv2][body] GET https://firebasehosting.googleapis.com/v1beta1/projects/tiger-finder/sites {"sites":[{"name":"projects/tiger-finder/sites/tiger-finder","defaultUrl":"https://tiger-finder.web.app","type":"DEFAULT_SITE"}]}
[debug] [2025-11-25T13:24:52.582Z] Checked if tokens are valid: true, expires at: 1764079635250
[debug] [2025-11-25T13:24:52.582Z] Checked if tokens are valid: true, expires at: 1764079635250
[debug] [2025-11-25T13:24:52.582Z] >>> [apiv2][query] GET https://firebase.googleapis.com/v1beta1/projects/tiger-finder/webApps/-/config [none]
[debug] [2025-11-25T13:24:53.017Z] <<< [apiv2][status] GET https://firebase.googleapis.com/v1beta1/projects/tiger-finder/webApps/-/config 200
[debug] [2025-11-25T13:24:53.017Z] <<< [apiv2][body] GET https://firebase.googleapis.com/v1beta1/projects/tiger-finder/webApps/-/config {"projectId":"tiger-finder","appId":"1:435287914958:web:5d9b1f494f40f86307939f","storageBucket":"tiger-finder.firebasestorage.app","apiKey":"AIzaSyAaSUsD-aGYWvDL_k33U9gbU5gAyhJrmHY","authDomain":"tiger-finder.firebaseapp.com","messagingSenderId":"435287914958","measurementId":"G-MYDZG3038D","projectNumber":"435287914958","version":"2"}
[debug] [2025-11-25T13:24:53.029Z] Checked if tokens are valid: true, expires at: 1764079635250
[debug] [2025-11-25T13:24:53.030Z] Checked if tokens are valid: true, expires at: 1764079635250
[debug] [2025-11-25T13:24:53.030Z] >>> [apiv2][query] GET https://firebase.googleapis.com/v1beta1/projects/tiger-finder [none]
[debug] [2025-11-25T13:24:53.214Z] <<< [apiv2][status] GET https://firebase.googleapis.com/v1beta1/projects/tiger-finder 200
[debug] [2025-11-25T13:24:53.214Z] <<< [apiv2][body] GET https://firebase.googleapis.com/v1beta1/projects/tiger-finder {"projectId":"tiger-finder","projectNumber":"435287914958","displayName":"Tiger Finder","name":"projects/tiger-finder","resources":{"hostingSite":"tiger-finder"},"state":"ACTIVE","etag":"1_ad1f9d9e-71fb-49af-92e6-03e5cd40383e"}
[debug] [2025-11-25T13:24:53.216Z] Specified "public" directory "C:/User/eze33/OneDrive/Documents/GitHub/Tiger-Finder" does not exist; Deploy to Hosting site "tiger-finder" may fail or be empty.
[info] i  hosting[tiger-finder]: Serving hosting files from: C:/User/eze33/OneDrive/Documents/GitHub/Tiger-Finder {"metadata":{"emulator":{"name":"hosting"},"message":"Serving hosting files from: \u001b[1mC:/User/eze33/OneDrive/Documents/GitHub/Tiger-Finder\u001b[22m"}}
[info] +  hosting[tiger-finder]: Local server: http://localhost:5000 {"metadata":{"emulator":{"name":"hosting"},"message":"Local server: \u001b[4m\u001b[1mhttp://localhost:5000\u001b[22m\u001b[24m"}}
[info] i  hosting: ::1 - - [25/Nov/2025:13:25:44 +0000] "GET / HTTP/1.1" 404 139 "-" "Mozilla/5.0 (Windows NT 10.0; Win64; x64; rv:145.0) Gecko/20100101 Firefox/145.0" {"metadata":{"emulator":{"name":"hosting"},"message":"::1 - - [25/Nov/2025:13:25:44 +0000] \"GET / HTTP/1.1\" 404 139 \"-\" \"Mozilla/5.0 (Windows NT 10.0; Win64; x64; rv:145.0) Gecko/20100101 Firefox/145.0\""}}
[info] i  hosting: ::1 - - [25/Nov/2025:13:25:45 +0000] "GET / HTTP/1.1" 404 139 "-" "Mozilla/5.0 (Windows NT 10.0; Win64; x64; rv:145.0) Gecko/20100101 Firefox/145.0" {"metadata":{"emulator":{"name":"hosting"},"message":"::1 - - [25/Nov/2025:13:25:45 +0000] \"GET / HTTP/1.1\" 404 139 \"-\" \"Mozilla/5.0 (Windows NT 10.0; Win64; x64; rv:145.0) Gecko/20100101 Firefox/145.0\""}}
[info] i  hosting: ::1 - - [25/Nov/2025:13:25:46 +0000] "GET / HTTP/1.1" 404 139 "-" "Mozilla/5.0 (Windows NT 10.0; Win64; x64; rv:145.0) Gecko/20100101 Firefox/145.0" {"metadata":{"emulator":{"name":"hosting"},"message":"::1 - - [25/Nov/2025:13:25:46 +0000] \"GET / HTTP/1.1\" 404 139 \"-\" \"Mozilla/5.0 (Windows NT 10.0; Win64; x64; rv:145.0) Gecko/20100101 Firefox/145.0\""}}
[info] i  hosting: ::1 - - [25/Nov/2025:13:25:46 +0000] "GET / HTTP/1.1" 404 139 "-" "Mozilla/5.0 (Windows NT 10.0; Win64; x64; rv:145.0) Gecko/20100101 Firefox/145.0" {"metadata":{"emulator":{"name":"hosting"},"message":"::1 - - [25/Nov/2025:13:25:46 +0000] \"GET / HTTP/1.1\" 404 139 \"-\" \"Mozilla/5.0 (Windows NT 10.0; Win64; x64; rv:145.0) Gecko/20100101 Firefox/145.0\""}}
[info] i  hosting: ::1 - - [25/Nov/2025:13:25:46 +0000] "GET / HTTP/1.1" 404 139 "-" "Mozilla/5.0 (Windows NT 10.0; Win64; x64; rv:145.0) Gecko/20100101 Firefox/145.0" {"metadata":{"emulator":{"name":"hosting"},"message":"::1 - - [25/Nov/2025:13:25:46 +0000] \"GET / HTTP/1.1\" 404 139 \"-\" \"Mozilla/5.0 (Windows NT 10.0; Win64; x64; rv:145.0) Gecko/20100101 Firefox/145.0\""}}
[info] i  hosting: ::1 - - [25/Nov/2025:13:25:47 +0000] "GET / HTTP/1.1" 404 139 "-" "Mozilla/5.0 (Windows NT 10.0; Win64; x64; rv:145.0) Gecko/20100101 Firefox/145.0" {"metadata":{"emulator":{"name":"hosting"},"message":"::1 - - [25/Nov/2025:13:25:47 +0000] \"GET / HTTP/1.1\" 404 139 \"-\" \"Mozilla/5.0 (Windows NT 10.0; Win64; x64; rv:145.0) Gecko/20100101 Firefox/145.0\""}}
[info] i  hosting: ::1 - - [25/Nov/2025:13:25:47 +0000] "GET / HTTP/1.1" 404 139 "-" "Mozilla/5.0 (Windows NT 10.0; Win64; x64; rv:145.0) Gecko/20100101 Firefox/145.0" {"metadata":{"emulator":{"name":"hosting"},"message":"::1 - - [25/Nov/2025:13:25:47 +0000] \"GET / HTTP/1.1\" 404 139 \"-\" \"Mozilla/5.0 (Windows NT 10.0; Win64; x64; rv:145.0) Gecko/20100101 Firefox/145.0\""}}
[info] i  hosting: ::1 - - [25/Nov/2025:13:25:47 +0000] "GET / HTTP/1.1" 404 139 "-" "Mozilla/5.0 (Windows NT 10.0; Win64; x64; rv:145.0) Gecko/20100101 Firefox/145.0" {"metadata":{"emulator":{"name":"hosting"},"message":"::1 - - [25/Nov/2025:13:25:47 +0000] \"GET / HTTP/1.1\" 404 139 \"-\" \"Mozilla/5.0 (Windows NT 10.0; Win64; x64; rv:145.0) Gecko/20100101 Firefox/145.0\""}}
[info] i  hosting: ::1 - - [25/Nov/2025:13:25:50 +0000] "GET / HTTP/1.1" 404 139 "-" "Mozilla/5.0 (Windows NT 10.0; Win64; x64; rv:145.0) Gecko/20100101 Firefox/145.0" {"metadata":{"emulator":{"name":"hosting"},"message":"::1 - - [25/Nov/2025:13:25:50 +0000] \"GET / HTTP/1.1\" 404 139 \"-\" \"Mozilla/5.0 (Windows NT 10.0; Win64; x64; rv:145.0) Gecko/20100101 Firefox/145.0\""}}
[info] i  hosting: ::1 - - [25/Nov/2025:13:25:50 +0000] "GET / HTTP/1.1" 404 139 "-" "Mozilla/5.0 (Windows NT 10.0; Win64; x64; rv:145.0) Gecko/20100101 Firefox/145.0" {"metadata":{"emulator":{"name":"hosting"},"message":"::1 - - [25/Nov/2025:13:25:50 +0000] \"GET / HTTP/1.1\" 404 139 \"-\" \"Mozilla/5.0 (Windows NT 10.0; Win64; x64; rv:145.0) Gecko/20100101 Firefox/145.0\""}}
[info] i  hosting: ::1 - - [25/Nov/2025:13:25:51 +0000] "GET / HTTP/1.1" 404 139 "-" "Mozilla/5.0 (Windows NT 10.0; Win64; x64; rv:145.0) Gecko/20100101 Firefox/145.0" {"metadata":{"emulator":{"name":"hosting"},"message":"::1 - - [25/Nov/2025:13:25:51 +0000] \"GET / HTTP/1.1\" 404 139 \"-\" \"Mozilla/5.0 (Windows NT 10.0; Win64; x64; rv:145.0) Gecko/20100101 Firefox/145.0\""}}
[info] i  hosting: ::1 - - [25/Nov/2025:13:25:51 +0000] "GET / HTTP/1.1" 404 139 "-" "Mozilla/5.0 (Windows NT 10.0; Win64; x64; rv:145.0) Gecko/20100101 Firefox/145.0" {"metadata":{"emulator":{"name":"hosting"},"message":"::1 - - [25/Nov/2025:13:25:51 +0000] \"GET / HTTP/1.1\" 404 139 \"-\" \"Mozilla/5.0 (Windows NT 10.0; Win64; x64; rv:145.0) Gecko/20100101 Firefox/145.0\""}}
[info] i  hosting: ::1 - - [25/Nov/2025:13:25:51 +0000] "GET / HTTP/1.1" 404 139 "-" "Mozilla/5.0 (Windows NT 10.0; Win64; x64; rv:145.0) Gecko/20100101 Firefox/145.0" {"metadata":{"emulator":{"name":"hosting"},"message":"::1 - - [25/Nov/2025:13:25:51 +0000] \"GET / HTTP/1.1\" 404 139 \"-\" \"Mozilla/5.0 (Windows NT 10.0; Win64; x64; rv:145.0) Gecko/20100101 Firefox/145.0\""}}
[info] i  hosting: ::1 - - [25/Nov/2025:13:25:52 +0000] "GET / HTTP/1.1" 404 139 "-" "Mozilla/5.0 (Windows NT 10.0; Win64; x64; rv:145.0) Gecko/20100101 Firefox/145.0" {"metadata":{"emulator":{"name":"hosting"},"message":"::1 - - [25/Nov/2025:13:25:52 +0000] \"GET / HTTP/1.1\" 404 139 \"-\" \"Mozilla/5.0 (Windows NT 10.0; Win64; x64; rv:145.0) Gecko/20100101 Firefox/145.0\""}}
[info] i  hosting: ::1 - - [25/Nov/2025:13:25:52 +0000] "GET / HTTP/1.1" 404 139 "-" "Mozilla/5.0 (Windows NT 10.0; Win64; x64; rv:145.0) Gecko/20100101 Firefox/145.0" {"metadata":{"emulator":{"name":"hosting"},"message":"::1 - - [25/Nov/2025:13:25:52 +0000] \"GET / HTTP/1.1\" 404 139 \"-\" \"Mozilla/5.0 (Windows NT 10.0; Win64; x64; rv:145.0) Gecko/20100101 Firefox/145.0\""}}
[debug] [2025-11-25T13:33:18.314Z] ----------------------------------------------------------------------
[debug] [2025-11-25T13:33:18.317Z] Command:       C:\Program Files\nodejs\node.exe C:\Users\eze33\AppData\Roaming\npm\node_modules\firebase-tools\lib\bin\firebase.js serve --only hosting
[debug] [2025-11-25T13:33:18.317Z] CLI Version:   14.26.0
[debug] [2025-11-25T13:33:18.317Z] Platform:      win32
[debug] [2025-11-25T13:33:18.317Z] Node Version:  v20.10.0
[debug] [2025-11-25T13:33:18.318Z] Time:          Tue Nov 25 2025 08:33:18 GMT-0500 (Eastern Standard Time)
[debug] [2025-11-25T13:33:18.318Z] ----------------------------------------------------------------------
[debug] 
[debug] [2025-11-25T13:33:18.557Z] > command requires scopes: ["email","openid","https://www.googleapis.com/auth/cloudplatformprojects.readonly","https://www.googleapis.com/auth/firebase","https://www.googleapis.com/auth/cloud-platform"]
[debug] [2025-11-25T13:33:18.558Z] > authorizing via signed-in user (redstonewizard33@gmail.com)
[debug] [2025-11-25T13:33:18.558Z] [iam] checking project tiger-finder for permissions ["firebase.projects.get"]
[debug] [2025-11-25T13:33:18.559Z] Checked if tokens are valid: true, expires at: 1764079635250
[debug] [2025-11-25T13:33:18.559Z] Checked if tokens are valid: true, expires at: 1764079635250
[debug] [2025-11-25T13:33:18.561Z] >>> [apiv2][query] POST https://cloudresourcemanager.googleapis.com/v1/projects/tiger-finder:testIamPermissions [none]
[debug] [2025-11-25T13:33:18.561Z] >>> [apiv2][(partial)header] POST https://cloudresourcemanager.googleapis.com/v1/projects/tiger-finder:testIamPermissions x-goog-quota-user=projects/tiger-finder
[debug] [2025-11-25T13:33:18.561Z] >>> [apiv2][body] POST https://cloudresourcemanager.googleapis.com/v1/projects/tiger-finder:testIamPermissions {"permissions":["firebase.projects.get"]}
[debug] [2025-11-25T13:33:18.751Z] <<< [apiv2][status] POST https://cloudresourcemanager.googleapis.com/v1/projects/tiger-finder:testIamPermissions 200
[debug] [2025-11-25T13:33:18.751Z] <<< [apiv2][body] POST https://cloudresourcemanager.googleapis.com/v1/projects/tiger-finder:testIamPermissions {"permissions":["firebase.projects.get"]}
[debug] [2025-11-25T13:33:18.753Z] Checked if tokens are valid: true, expires at: 1764079635250
[debug] [2025-11-25T13:33:18.753Z] Checked if tokens are valid: true, expires at: 1764079635250
[debug] [2025-11-25T13:33:18.754Z] >>> [apiv2][query] GET https://cloudresourcemanager.googleapis.com/v1/projects/tiger-finder [none]
[debug] [2025-11-25T13:33:18.821Z] <<< [apiv2][status] GET https://cloudresourcemanager.googleapis.com/v1/projects/tiger-finder 200
[debug] [2025-11-25T13:33:18.822Z] <<< [apiv2][body] GET https://cloudresourcemanager.googleapis.com/v1/projects/tiger-finder {"projectNumber":"435287914958","projectId":"tiger-finder","lifecycleState":"ACTIVE","name":"Tiger Finder","labels":{"firebase":"enabled","firebase-core":"disabled"},"createTime":"2025-11-19T13:50:15.560803Z"}
[debug] [2025-11-25T13:33:18.824Z] Checked if tokens are valid: true, expires at: 1764079635250
[debug] [2025-11-25T13:33:18.824Z] Checked if tokens are valid: true, expires at: 1764079635250
[debug] [2025-11-25T13:33:18.825Z] >>> [apiv2][query] GET https://firebasehosting.googleapis.com/v1beta1/projects/tiger-finder/sites 
[debug] [2025-11-25T13:33:19.252Z] <<< [apiv2][status] GET https://firebasehosting.googleapis.com/v1beta1/projects/tiger-finder/sites 200
[debug] [2025-11-25T13:33:19.254Z] <<< [apiv2][body] GET https://firebasehosting.googleapis.com/v1beta1/projects/tiger-finder/sites {"sites":[{"name":"projects/tiger-finder/sites/tiger-finder","defaultUrl":"https://tiger-finder.web.app","type":"DEFAULT_SITE"}]}
[debug] [2025-11-25T13:33:19.254Z] Checked if tokens are valid: true, expires at: 1764079635250
[debug] [2025-11-25T13:33:19.254Z] Checked if tokens are valid: true, expires at: 1764079635250
[debug] [2025-11-25T13:33:19.254Z] >>> [apiv2][query] GET https://firebase.googleapis.com/v1beta1/projects/tiger-finder/webApps/-/config [none]
[debug] [2025-11-25T13:33:19.767Z] <<< [apiv2][status] GET https://firebase.googleapis.com/v1beta1/projects/tiger-finder/webApps/-/config 200
[debug] [2025-11-25T13:33:19.767Z] <<< [apiv2][body] GET https://firebase.googleapis.com/v1beta1/projects/tiger-finder/webApps/-/config {"projectId":"tiger-finder","appId":"1:435287914958:web:5d9b1f494f40f86307939f","storageBucket":"tiger-finder.firebasestorage.app","apiKey":"AIzaSyAaSUsD-aGYWvDL_k33U9gbU5gAyhJrmHY","authDomain":"tiger-finder.firebaseapp.com","messagingSenderId":"435287914958","measurementId":"G-MYDZG3038D","projectNumber":"435287914958","version":"2"}
[debug] [2025-11-25T13:33:19.779Z] Checked if tokens are valid: true, expires at: 1764079635250
[debug] [2025-11-25T13:33:19.780Z] Checked if tokens are valid: true, expires at: 1764079635250
[debug] [2025-11-25T13:33:19.780Z] >>> [apiv2][query] GET https://firebase.googleapis.com/v1beta1/projects/tiger-finder [none]
[debug] [2025-11-25T13:33:20.069Z] <<< [apiv2][status] GET https://firebase.googleapis.com/v1beta1/projects/tiger-finder 200
[debug] [2025-11-25T13:33:20.070Z] <<< [apiv2][body] GET https://firebase.googleapis.com/v1beta1/projects/tiger-finder {"projectId":"tiger-finder","projectNumber":"435287914958","displayName":"Tiger Finder","name":"projects/tiger-finder","resources":{"hostingSite":"tiger-finder"},"state":"ACTIVE","etag":"1_ad1f9d9e-71fb-49af-92e6-03e5cd40383e"}
[debug] [2025-11-25T13:33:20.072Z] Specified "public" directory "(root)" does not exist; Deploy to Hosting site "tiger-finder" may fail or be empty.
[info] i  hosting[tiger-finder]: Serving hosting files from: (root) {"metadata":{"emulator":{"name":"hosting"},"message":"Serving hosting files from: \u001b[1m(root)\u001b[22m"}}
[info] +  hosting[tiger-finder]: Local server: http://localhost:5000 {"metadata":{"emulator":{"name":"hosting"},"message":"Local server: \u001b[4m\u001b[1mhttp://localhost:5000\u001b[22m\u001b[24m"}}
[info] i  hosting: ::1 - - [25/Nov/2025:13:33:27 +0000] "GET / HTTP/1.1" 404 139 "-" "Mozilla/5.0 (Windows NT 10.0; Win64; x64; rv:145.0) Gecko/20100101 Firefox/145.0" {"metadata":{"emulator":{"name":"hosting"},"message":"::1 - - [25/Nov/2025:13:33:27 +0000] \"GET / HTTP/1.1\" 404 139 \"-\" \"Mozilla/5.0 (Windows NT 10.0; Win64; x64; rv:145.0) Gecko/20100101 Firefox/145.0\""}}
[debug] [2025-11-25T13:38:51.494Z] ----------------------------------------------------------------------
[debug] [2025-11-25T13:38:51.497Z] Command:       C:\Program Files\nodejs\node.exe C:\Users\eze33\AppData\Roaming\npm\node_modules\firebase-tools\lib\bin\firebase.js serve --only hosting
[debug] [2025-11-25T13:38:51.498Z] CLI Version:   14.26.0
[debug] [2025-11-25T13:38:51.498Z] Platform:      win32
[debug] [2025-11-25T13:38:51.498Z] Node Version:  v20.10.0
[debug] [2025-11-25T13:38:51.498Z] Time:          Tue Nov 25 2025 08:38:51 GMT-0500 (Eastern Standard Time)
[debug] [2025-11-25T13:38:51.498Z] ----------------------------------------------------------------------
[debug] 
[debug] [2025-11-25T13:38:51.746Z] > command requires scopes: ["email","openid","https://www.googleapis.com/auth/cloudplatformprojects.readonly","https://www.googleapis.com/auth/firebase","https://www.googleapis.com/auth/cloud-platform"]
[debug] [2025-11-25T13:38:51.746Z] > authorizing via signed-in user (redstonewizard33@gmail.com)
[debug] [2025-11-25T13:38:51.747Z] [iam] checking project tiger-finder for permissions ["firebase.projects.get"]
[debug] [2025-11-25T13:38:51.748Z] Checked if tokens are valid: true, expires at: 1764079635250
[debug] [2025-11-25T13:38:51.748Z] Checked if tokens are valid: true, expires at: 1764079635250
[debug] [2025-11-25T13:38:51.749Z] >>> [apiv2][query] POST https://cloudresourcemanager.googleapis.com/v1/projects/tiger-finder:testIamPermissions [none]
[debug] [2025-11-25T13:38:51.750Z] >>> [apiv2][(partial)header] POST https://cloudresourcemanager.googleapis.com/v1/projects/tiger-finder:testIamPermissions x-goog-quota-user=projects/tiger-finder
[debug] [2025-11-25T13:38:51.750Z] >>> [apiv2][body] POST https://cloudresourcemanager.googleapis.com/v1/projects/tiger-finder:testIamPermissions {"permissions":["firebase.projects.get"]}
[debug] [2025-11-25T13:38:52.008Z] <<< [apiv2][status] POST https://cloudresourcemanager.googleapis.com/v1/projects/tiger-finder:testIamPermissions 200
[debug] [2025-11-25T13:38:52.009Z] <<< [apiv2][body] POST https://cloudresourcemanager.googleapis.com/v1/projects/tiger-finder:testIamPermissions {"permissions":["firebase.projects.get"]}
[debug] [2025-11-25T13:38:52.011Z] Checked if tokens are valid: true, expires at: 1764079635250
[debug] [2025-11-25T13:38:52.011Z] Checked if tokens are valid: true, expires at: 1764079635250
[debug] [2025-11-25T13:38:52.011Z] >>> [apiv2][query] GET https://cloudresourcemanager.googleapis.com/v1/projects/tiger-finder [none]
[debug] [2025-11-25T13:38:52.085Z] <<< [apiv2][status] GET https://cloudresourcemanager.googleapis.com/v1/projects/tiger-finder 200
[debug] [2025-11-25T13:38:52.086Z] <<< [apiv2][body] GET https://cloudresourcemanager.googleapis.com/v1/projects/tiger-finder {"projectNumber":"435287914958","projectId":"tiger-finder","lifecycleState":"ACTIVE","name":"Tiger Finder","labels":{"firebase":"enabled","firebase-core":"disabled"},"createTime":"2025-11-19T13:50:15.560803Z"}
[debug] [2025-11-25T13:38:52.088Z] Checked if tokens are valid: true, expires at: 1764079635250
[debug] [2025-11-25T13:38:52.088Z] Checked if tokens are valid: true, expires at: 1764079635250
[debug] [2025-11-25T13:38:52.089Z] >>> [apiv2][query] GET https://firebasehosting.googleapis.com/v1beta1/projects/tiger-finder/sites 
[debug] [2025-11-25T13:38:52.568Z] <<< [apiv2][status] GET https://firebasehosting.googleapis.com/v1beta1/projects/tiger-finder/sites 200
[debug] [2025-11-25T13:38:52.568Z] <<< [apiv2][body] GET https://firebasehosting.googleapis.com/v1beta1/projects/tiger-finder/sites {"sites":[{"name":"projects/tiger-finder/sites/tiger-finder","defaultUrl":"https://tiger-finder.web.app","type":"DEFAULT_SITE"}]}
[debug] [2025-11-25T13:38:52.568Z] Checked if tokens are valid: true, expires at: 1764079635250
[debug] [2025-11-25T13:38:52.568Z] Checked if tokens are valid: true, expires at: 1764079635250
[debug] [2025-11-25T13:38:52.569Z] >>> [apiv2][query] GET https://firebase.googleapis.com/v1beta1/projects/tiger-finder/webApps/-/config [none]
[debug] [2025-11-25T13:38:52.975Z] <<< [apiv2][status] GET https://firebase.googleapis.com/v1beta1/projects/tiger-finder/webApps/-/config 200
[debug] [2025-11-25T13:38:52.975Z] <<< [apiv2][body] GET https://firebase.googleapis.com/v1beta1/projects/tiger-finder/webApps/-/config {"projectId":"tiger-finder","appId":"1:435287914958:web:5d9b1f494f40f86307939f","storageBucket":"tiger-finder.firebasestorage.app","apiKey":"AIzaSyAaSUsD-aGYWvDL_k33U9gbU5gAyhJrmHY","authDomain":"tiger-finder.firebaseapp.com","messagingSenderId":"435287914958","measurementId":"G-MYDZG3038D","projectNumber":"435287914958","version":"2"}
[debug] [2025-11-25T13:38:52.981Z] Checked if tokens are valid: true, expires at: 1764079635250
[debug] [2025-11-25T13:38:52.981Z] Checked if tokens are valid: true, expires at: 1764079635250
[debug] [2025-11-25T13:38:52.982Z] >>> [apiv2][query] GET https://firebase.googleapis.com/v1beta1/projects/tiger-finder [none]
[debug] [2025-11-25T13:38:53.248Z] <<< [apiv2][status] GET https://firebase.googleapis.com/v1beta1/projects/tiger-finder 200
[debug] [2025-11-25T13:38:53.249Z] <<< [apiv2][body] GET https://firebase.googleapis.com/v1beta1/projects/tiger-finder {"projectId":"tiger-finder","projectNumber":"435287914958","displayName":"Tiger Finder","name":"projects/tiger-finder","resources":{"hostingSite":"tiger-finder"},"state":"ACTIVE","etag":"1_ad1f9d9e-71fb-49af-92e6-03e5cd40383e"}
[info] i  hosting[tiger-finder]: Serving hosting files from: src {"metadata":{"emulator":{"name":"hosting"},"message":"Serving hosting files from: \u001b[1msrc\u001b[22m"}}
[info] +  hosting[tiger-finder]: Local server: http://localhost:5000 {"metadata":{"emulator":{"name":"hosting"},"message":"Local server: \u001b[4m\u001b[1mhttp://localhost:5000\u001b[22m\u001b[24m"}}
[info] i  hosting: ::1 - - [25/Nov/2025:13:39:03 +0000] "GET / HTTP/1.1" 404 139 "-" "Mozilla/5.0 (Windows NT 10.0; Win64; x64; rv:145.0) Gecko/20100101 Firefox/145.0" {"metadata":{"emulator":{"name":"hosting"},"message":"::1 - - [25/Nov/2025:13:39:03 +0000] \"GET / HTTP/1.1\" 404 139 \"-\" \"Mozilla/5.0 (Windows NT 10.0; Win64; x64; rv:145.0) Gecko/20100101 Firefox/145.0\""}}
[debug] [2025-11-25T13:39:47.993Z] ----------------------------------------------------------------------
[debug] [2025-11-25T13:39:47.997Z] Command:       C:\Program Files\nodejs\node.exe C:\Users\eze33\AppData\Roaming\npm\node_modules\firebase-tools\lib\bin\firebase.js serve --only hosting
[debug] [2025-11-25T13:39:47.997Z] CLI Version:   14.26.0
[debug] [2025-11-25T13:39:47.998Z] Platform:      win32
[debug] [2025-11-25T13:39:47.998Z] Node Version:  v20.10.0
[debug] [2025-11-25T13:39:47.998Z] Time:          Tue Nov 25 2025 08:39:47 GMT-0500 (Eastern Standard Time)
[debug] [2025-11-25T13:39:47.998Z] ----------------------------------------------------------------------
[debug] 
[debug] [2025-11-25T13:39:48.234Z] > command requires scopes: ["email","openid","https://www.googleapis.com/auth/cloudplatformprojects.readonly","https://www.googleapis.com/auth/firebase","https://www.googleapis.com/auth/cloud-platform"]
[debug] [2025-11-25T13:39:48.234Z] > authorizing via signed-in user (redstonewizard33@gmail.com)
[debug] [2025-11-25T13:39:48.234Z] [iam] checking project tiger-finder for permissions ["firebase.projects.get"]
[debug] [2025-11-25T13:39:48.236Z] Checked if tokens are valid: true, expires at: 1764079635250
[debug] [2025-11-25T13:39:48.236Z] Checked if tokens are valid: true, expires at: 1764079635250
[debug] [2025-11-25T13:39:48.238Z] >>> [apiv2][query] POST https://cloudresourcemanager.googleapis.com/v1/projects/tiger-finder:testIamPermissions [none]
[debug] [2025-11-25T13:39:48.238Z] >>> [apiv2][(partial)header] POST https://cloudresourcemanager.googleapis.com/v1/projects/tiger-finder:testIamPermissions x-goog-quota-user=projects/tiger-finder
[debug] [2025-11-25T13:39:48.238Z] >>> [apiv2][body] POST https://cloudresourcemanager.googleapis.com/v1/projects/tiger-finder:testIamPermissions {"permissions":["firebase.projects.get"]}
[debug] [2025-11-25T13:39:48.496Z] <<< [apiv2][status] POST https://cloudresourcemanager.googleapis.com/v1/projects/tiger-finder:testIamPermissions 200
[debug] [2025-11-25T13:39:48.497Z] <<< [apiv2][body] POST https://cloudresourcemanager.googleapis.com/v1/projects/tiger-finder:testIamPermissions {"permissions":["firebase.projects.get"]}
[debug] [2025-11-25T13:39:48.499Z] Checked if tokens are valid: true, expires at: 1764079635250
[debug] [2025-11-25T13:39:48.499Z] Checked if tokens are valid: true, expires at: 1764079635250
[debug] [2025-11-25T13:39:48.500Z] >>> [apiv2][query] GET https://cloudresourcemanager.googleapis.com/v1/projects/tiger-finder [none]
[debug] [2025-11-25T13:39:48.572Z] <<< [apiv2][status] GET https://cloudresourcemanager.googleapis.com/v1/projects/tiger-finder 200
[debug] [2025-11-25T13:39:48.573Z] <<< [apiv2][body] GET https://cloudresourcemanager.googleapis.com/v1/projects/tiger-finder {"projectNumber":"435287914958","projectId":"tiger-finder","lifecycleState":"ACTIVE","name":"Tiger Finder","labels":{"firebase":"enabled","firebase-core":"disabled"},"createTime":"2025-11-19T13:50:15.560803Z"}
[debug] [2025-11-25T13:39:48.575Z] Checked if tokens are valid: true, expires at: 1764079635250
[debug] [2025-11-25T13:39:48.575Z] Checked if tokens are valid: true, expires at: 1764079635250
[debug] [2025-11-25T13:39:48.576Z] >>> [apiv2][query] GET https://firebasehosting.googleapis.com/v1beta1/projects/tiger-finder/sites 
[debug] [2025-11-25T13:39:48.890Z] <<< [apiv2][status] GET https://firebasehosting.googleapis.com/v1beta1/projects/tiger-finder/sites 200
[debug] [2025-11-25T13:39:48.890Z] <<< [apiv2][body] GET https://firebasehosting.googleapis.com/v1beta1/projects/tiger-finder/sites {"sites":[{"name":"projects/tiger-finder/sites/tiger-finder","defaultUrl":"https://tiger-finder.web.app","type":"DEFAULT_SITE"}]}
[debug] [2025-11-25T13:39:48.891Z] Checked if tokens are valid: true, expires at: 1764079635250
[debug] [2025-11-25T13:39:48.891Z] Checked if tokens are valid: true, expires at: 1764079635250
[debug] [2025-11-25T13:39:48.891Z] >>> [apiv2][query] GET https://firebase.googleapis.com/v1beta1/projects/tiger-finder/webApps/-/config [none]
[debug] [2025-11-25T13:39:49.196Z] <<< [apiv2][status] GET https://firebase.googleapis.com/v1beta1/projects/tiger-finder/webApps/-/config 200
[debug] [2025-11-25T13:39:49.196Z] <<< [apiv2][body] GET https://firebase.googleapis.com/v1beta1/projects/tiger-finder/webApps/-/config {"projectId":"tiger-finder","appId":"1:435287914958:web:5d9b1f494f40f86307939f","storageBucket":"tiger-finder.firebasestorage.app","apiKey":"AIzaSyAaSUsD-aGYWvDL_k33U9gbU5gAyhJrmHY","authDomain":"tiger-finder.firebaseapp.com","messagingSenderId":"435287914958","measurementId":"G-MYDZG3038D","projectNumber":"435287914958","version":"2"}
[debug] [2025-11-25T13:39:49.209Z] Checked if tokens are valid: true, expires at: 1764079635250
[debug] [2025-11-25T13:39:49.209Z] Checked if tokens are valid: true, expires at: 1764079635250
[debug] [2025-11-25T13:39:49.209Z] >>> [apiv2][query] GET https://firebase.googleapis.com/v1beta1/projects/tiger-finder [none]
[debug] [2025-11-25T13:39:49.400Z] <<< [apiv2][status] GET https://firebase.googleapis.com/v1beta1/projects/tiger-finder 200
[debug] [2025-11-25T13:39:49.400Z] <<< [apiv2][body] GET https://firebase.googleapis.com/v1beta1/projects/tiger-finder {"projectId":"tiger-finder","projectNumber":"435287914958","displayName":"Tiger Finder","name":"projects/tiger-finder","resources":{"hostingSite":"tiger-finder"},"state":"ACTIVE","etag":"1_ad1f9d9e-71fb-49af-92e6-03e5cd40383e"}
[info] +  hosting[tiger-finder]: Local server: http://localhost:5000 {"metadata":{"emulator":{"name":"hosting"},"message":"Local server: \u001b[4m\u001b[1mhttp://localhost:5000\u001b[22m\u001b[24m"}}
[info] i  hosting: ::1 - - [25/Nov/2025:13:39:52 +0000] "GET / HTTP/1.1" 200 - "-" "Mozilla/5.0 (Windows NT 10.0; Win64; x64; rv:145.0) Gecko/20100101 Firefox/145.0" {"metadata":{"emulator":{"name":"hosting"},"message":"::1 - - [25/Nov/2025:13:39:52 +0000] \"GET / HTTP/1.1\" 200 - \"-\" \"Mozilla/5.0 (Windows NT 10.0; Win64; x64; rv:145.0) Gecko/20100101 Firefox/145.0\""}}
[info] i  hosting: ::1 - - [25/Nov/2025:13:39:52 +0000] "GET /main.js HTTP/1.1" 200 - "http://localhost:5000/" "Mozilla/5.0 (Windows NT 10.0; Win64; x64; rv:145.0) Gecko/20100101 Firefox/145.0" {"metadata":{"emulator":{"name":"hosting"},"message":"::1 - - [25/Nov/2025:13:39:52 +0000] \"GET /main.js HTTP/1.1\" 200 - \"http://localhost:5000/\" \"Mozilla/5.0 (Windows NT 10.0; Win64; x64; rv:145.0) Gecko/20100101 Firefox/145.0\""}}
[info] i  hosting: ::1 - - [25/Nov/2025:13:39:52 +0000] "GET /Main.css HTTP/1.1" 200 - "http://localhost:5000/" "Mozilla/5.0 (Windows NT 10.0; Win64; x64; rv:145.0) Gecko/20100101 Firefox/145.0" {"metadata":{"emulator":{"name":"hosting"},"message":"::1 - - [25/Nov/2025:13:39:52 +0000] \"GET /Main.css HTTP/1.1\" 200 - \"http://localhost:5000/\" \"Mozilla/5.0 (Windows NT 10.0; Win64; x64; rv:145.0) Gecko/20100101 Firefox/145.0\""}}
[info] i  hosting: ::1 - - [25/Nov/2025:13:39:52 +0000] "GET /filter-icon.webp HTTP/1.1" 200 8766 "http://localhost:5000/" "Mozilla/5.0 (Windows NT 10.0; Win64; x64; rv:145.0) Gecko/20100101 Firefox/145.0" {"metadata":{"emulator":{"name":"hosting"},"message":"::1 - - [25/Nov/2025:13:39:52 +0000] \"GET /filter-icon.webp HTTP/1.1\" 200 8766 \"http://localhost:5000/\" \"Mozilla/5.0 (Windows NT 10.0; Win64; x64; rv:145.0) Gecko/20100101 Firefox/145.0\""}}
[info] i  hosting: ::1 - - [25/Nov/2025:13:39:52 +0000] "GET /dropdownMain.png HTTP/1.1" 200 14987 "http://localhost:5000/" "Mozilla/5.0 (Windows NT 10.0; Win64; x64; rv:145.0) Gecko/20100101 Firefox/145.0" {"metadata":{"emulator":{"name":"hosting"},"message":"::1 - - [25/Nov/2025:13:39:52 +0000] \"GET /dropdownMain.png HTTP/1.1\" 200 14987 \"http://localhost:5000/\" \"Mozilla/5.0 (Windows NT 10.0; Win64; x64; rv:145.0) Gecko/20100101 Firefox/145.0\""}}
[info] i  hosting: ::1 - - [25/Nov/2025:13:39:52 +0000] "GET /images/FHSLogo.png HTTP/1.1" 200 6134 "http://localhost:5000/" "Mozilla/5.0 (Windows NT 10.0; Win64; x64; rv:145.0) Gecko/20100101 Firefox/145.0" {"metadata":{"emulator":{"name":"hosting"},"message":"::1 - - [25/Nov/2025:13:39:52 +0000] \"GET /images/FHSLogo.png HTTP/1.1\" 200 6134 \"http://localhost:5000/\" \"Mozilla/5.0 (Windows NT 10.0; Win64; x64; rv:145.0) Gecko/20100101 Firefox/145.0\""}}
[info] i  hosting: ::1 - - [25/Nov/2025:13:39:52 +0000] "GET /favicon.ico HTTP/1.1" - - "http://localhost:5000/" "Mozilla/5.0 (Windows NT 10.0; Win64; x64; rv:145.0) Gecko/20100101 Firefox/145.0" {"metadata":{"emulator":{"name":"hosting"},"message":"::1 - - [25/Nov/2025:13:39:52 +0000] \"GET /favicon.ico HTTP/1.1\" - - \"http://localhost:5000/\" \"Mozilla/5.0 (Windows NT 10.0; Win64; x64; rv:145.0) Gecko/20100101 Firefox/145.0\""}}
[info] i  hosting: ::1 - - [25/Nov/2025:13:41:34 +0000] "GET /dropDownImageRed.png HTTP/1.1" 200 15509 "http://localhost:5000/" "Mozilla/5.0 (Windows NT 10.0; Win64; x64; rv:145.0) Gecko/20100101 Firefox/145.0" {"metadata":{"emulator":{"name":"hosting"},"message":"::1 - - [25/Nov/2025:13:41:34 +0000] \"GET /dropDownImageRed.png HTTP/1.1\" 200 15509 \"http://localhost:5000/\" \"Mozilla/5.0 (Windows NT 10.0; Win64; x64; rv:145.0) Gecko/20100101 Firefox/145.0\""}}
[info] i  hosting: ::1 - - [25/Nov/2025:13:41:35 +0000] "GET /Clubs.html HTTP/1.1" 200 - "http://localhost:5000/" "Mozilla/5.0 (Windows NT 10.0; Win64; x64; rv:145.0) Gecko/20100101 Firefox/145.0" {"metadata":{"emulator":{"name":"hosting"},"message":"::1 - - [25/Nov/2025:13:41:35 +0000] \"GET /Clubs.html HTTP/1.1\" 200 - \"http://localhost:5000/\" \"Mozilla/5.0 (Windows NT 10.0; Win64; x64; rv:145.0) Gecko/20100101 Firefox/145.0\""}}
[info] i  hosting: ::1 - - [25/Nov/2025:13:41:35 +0000] "GET /club.css HTTP/1.1" 200 - "http://localhost:5000/Clubs.html" "Mozilla/5.0 (Windows NT 10.0; Win64; x64; rv:145.0) Gecko/20100101 Firefox/145.0" {"metadata":{"emulator":{"name":"hosting"},"message":"::1 - - [25/Nov/2025:13:41:35 +0000] \"GET /club.css HTTP/1.1\" 200 - \"http://localhost:5000/Clubs.html\" \"Mozilla/5.0 (Windows NT 10.0; Win64; x64; rv:145.0) Gecko/20100101 Firefox/145.0\""}}
[info] i  hosting: ::1 - - [25/Nov/2025:13:41:35 +0000] "GET /Main.js HTTP/1.1" 200 - "http://localhost:5000/Clubs.html" "Mozilla/5.0 (Windows NT 10.0; Win64; x64; rv:145.0) Gecko/20100101 Firefox/145.0" {"metadata":{"emulator":{"name":"hosting"},"message":"::1 - - [25/Nov/2025:13:41:35 +0000] \"GET /Main.js HTTP/1.1\" 200 - \"http://localhost:5000/Clubs.html\" \"Mozilla/5.0 (Windows NT 10.0; Win64; x64; rv:145.0) Gecko/20100101 Firefox/145.0\""}}
[info] i  hosting: ::1 - - [25/Nov/2025:13:41:35 +0000] "GET /Clubs.js HTTP/1.1" 200 - "http://localhost:5000/Clubs.html" "Mozilla/5.0 (Windows NT 10.0; Win64; x64; rv:145.0) Gecko/20100101 Firefox/145.0" {"metadata":{"emulator":{"name":"hosting"},"message":"::1 - - [25/Nov/2025:13:41:35 +0000] \"GET /Clubs.js HTTP/1.1\" 200 - \"http://localhost:5000/Clubs.html\" \"Mozilla/5.0 (Windows NT 10.0; Win64; x64; rv:145.0) Gecko/20100101 Firefox/145.0\""}}
[info] i  hosting: ::1 - - [25/Nov/2025:13:41:35 +0000] "GET /star.png HTTP/1.1" 200 13672 "http://localhost:5000/Clubs.html" "Mozilla/5.0 (Windows NT 10.0; Win64; x64; rv:145.0) Gecko/20100101 Firefox/145.0" {"metadata":{"emulator":{"name":"hosting"},"message":"::1 - - [25/Nov/2025:13:41:35 +0000] \"GET /star.png HTTP/1.1\" 200 13672 \"http://localhost:5000/Clubs.html\" \"Mozilla/5.0 (Windows NT 10.0; Win64; x64; rv:145.0) Gecko/20100101 Firefox/145.0\""}}
[info] i  hosting: ::1 - - [25/Nov/2025:13:41:41 +0000] "GET /Account.html HTTP/1.1" 200 - "http://localhost:5000/Clubs.html" "Mozilla/5.0 (Windows NT 10.0; Win64; x64; rv:145.0) Gecko/20100101 Firefox/145.0" {"metadata":{"emulator":{"name":"hosting"},"message":"::1 - - [25/Nov/2025:13:41:41 +0000] \"GET /Account.html HTTP/1.1\" 200 - \"http://localhost:5000/Clubs.html\" \"Mozilla/5.0 (Windows NT 10.0; Win64; x64; rv:145.0) Gecko/20100101 Firefox/145.0\""}}
[info] i  hosting: ::1 - - [25/Nov/2025:13:41:41 +0000] "GET /bundle.js HTTP/1.1" 404 148 "http://localhost:5000/Account.html" "Mozilla/5.0 (Windows NT 10.0; Win64; x64; rv:145.0) Gecko/20100101 Firefox/145.0" {"metadata":{"emulator":{"name":"hosting"},"message":"::1 - - [25/Nov/2025:13:41:41 +0000] \"GET /bundle.js HTTP/1.1\" 404 148 \"http://localhost:5000/Account.html\" \"Mozilla/5.0 (Windows NT 10.0; Win64; x64; rv:145.0) Gecko/20100101 Firefox/145.0\""}}
[info] i  hosting: ::1 - - [25/Nov/2025:13:41:41 +0000] "GET /favicon.ico HTTP/1.1" - - "http://localhost:5000/Account.html" "Mozilla/5.0 (Windows NT 10.0; Win64; x64; rv:145.0) Gecko/20100101 Firefox/145.0" {"metadata":{"emulator":{"name":"hosting"},"message":"::1 - - [25/Nov/2025:13:41:41 +0000] \"GET /favicon.ico HTTP/1.1\" - - \"http://localhost:5000/Account.html\" \"Mozilla/5.0 (Windows NT 10.0; Win64; x64; rv:145.0) Gecko/20100101 Firefox/145.0\""}}
[info] i  hosting: ::1 - - [25/Nov/2025:13:41:43 +0000] "GET /Favorites.html HTTP/1.1" 200 - "http://localhost:5000/Account.html" "Mozilla/5.0 (Windows NT 10.0; Win64; x64; rv:145.0) Gecko/20100101 Firefox/145.0" {"metadata":{"emulator":{"name":"hosting"},"message":"::1 - - [25/Nov/2025:13:41:43 +0000] \"GET /Favorites.html HTTP/1.1\" 200 - \"http://localhost:5000/Account.html\" \"Mozilla/5.0 (Windows NT 10.0; Win64; x64; rv:145.0) Gecko/20100101 Firefox/145.0\""}}
[info] i  hosting: ::1 - - [25/Nov/2025:13:41:43 +0000] "GET /favorites.js HTTP/1.1" 200 - "http://localhost:5000/Favorites.html" "Mozilla/5.0 (Windows NT 10.0; Win64; x64; rv:145.0) Gecko/20100101 Firefox/145.0" {"metadata":{"emulator":{"name":"hosting"},"message":"::1 - - [25/Nov/2025:13:41:43 +0000] \"GET /favorites.js HTTP/1.1\" 200 - \"http://localhost:5000/Favorites.html\" \"Mozilla/5.0 (Windows NT 10.0; Win64; x64; rv:145.0) Gecko/20100101 Firefox/145.0\""}}
[info] i  hosting: ::1 - - [25/Nov/2025:13:41:44 +0000] "GET /ClubSurvey.html HTTP/1.1" 200 - "http://localhost:5000/Favorites.html" "Mozilla/5.0 (Windows NT 10.0; Win64; x64; rv:145.0) Gecko/20100101 Firefox/145.0" {"metadata":{"emulator":{"name":"hosting"},"message":"::1 - - [25/Nov/2025:13:41:44 +0000] \"GET /ClubSurvey.html HTTP/1.1\" 200 - \"http://localhost:5000/Favorites.html\" \"Mozilla/5.0 (Windows NT 10.0; Win64; x64; rv:145.0) Gecko/20100101 Firefox/145.0\""}}
[info] i  hosting: ::1 - - [25/Nov/2025:13:41:44 +0000] "GET /ClubSurvey.css HTTP/1.1" 200 - "http://localhost:5000/ClubSurvey.html" "Mozilla/5.0 (Windows NT 10.0; Win64; x64; rv:145.0) Gecko/20100101 Firefox/145.0" {"metadata":{"emulator":{"name":"hosting"},"message":"::1 - - [25/Nov/2025:13:41:44 +0000] \"GET /ClubSurvey.css HTTP/1.1\" 200 - \"http://localhost:5000/ClubSurvey.html\" \"Mozilla/5.0 (Windows NT 10.0; Win64; x64; rv:145.0) Gecko/20100101 Firefox/145.0\""}}
[info] i  hosting: ::1 - - [25/Nov/2025:13:41:44 +0000] "GET /ClubSurvey.js HTTP/1.1" 200 - "http://localhost:5000/ClubSurvey.html" "Mozilla/5.0 (Windows NT 10.0; Win64; x64; rv:145.0) Gecko/20100101 Firefox/145.0" {"metadata":{"emulator":{"name":"hosting"},"message":"::1 - - [25/Nov/2025:13:41:44 +0000] \"GET /ClubSurvey.js HTTP/1.1\" 200 - \"http://localhost:5000/ClubSurvey.html\" \"Mozilla/5.0 (Windows NT 10.0; Win64; x64; rv:145.0) Gecko/20100101 Firefox/145.0\""}}
[info] i  hosting: ::1 - - [25/Nov/2025:13:41:44 +0000] "GET /images/FHSLogoBig.png HTTP/1.1" 200 77992 "http://localhost:5000/ClubSurvey.html" "Mozilla/5.0 (Windows NT 10.0; Win64; x64; rv:145.0) Gecko/20100101 Firefox/145.0" {"metadata":{"emulator":{"name":"hosting"},"message":"::1 - - [25/Nov/2025:13:41:44 +0000] \"GET /images/FHSLogoBig.png HTTP/1.1\" 200 77992 \"http://localhost:5000/ClubSurvey.html\" \"Mozilla/5.0 (Windows NT 10.0; Win64; x64; rv:145.0) Gecko/20100101 Firefox/145.0\""}}
[info] i  hosting: ::1 - - [25/Nov/2025:13:41:45 +0000] "GET /index.html HTTP/1.1" 200 - "http://localhost:5000/ClubSurvey.html" "Mozilla/5.0 (Windows NT 10.0; Win64; x64; rv:145.0) Gecko/20100101 Firefox/145.0" {"metadata":{"emulator":{"name":"hosting"},"message":"::1 - - [25/Nov/2025:13:41:45 +0000] \"GET /index.html HTTP/1.1\" 200 - \"http://localhost:5000/ClubSurvey.html\" \"Mozilla/5.0 (Windows NT 10.0; Win64; x64; rv:145.0) Gecko/20100101 Firefox/145.0\""}}
[info] i  hosting: ::1 - - [25/Nov/2025:13:41:46 +0000] "GET /main.js HTTP/1.1" - - "http://localhost:5000/index.html" "Mozilla/5.0 (Windows NT 10.0; Win64; x64; rv:145.0) Gecko/20100101 Firefox/145.0" {"metadata":{"emulator":{"name":"hosting"},"message":"::1 - - [25/Nov/2025:13:41:46 +0000] \"GET /main.js HTTP/1.1\" - - \"http://localhost:5000/index.html\" \"Mozilla/5.0 (Windows NT 10.0; Win64; x64; rv:145.0) Gecko/20100101 Firefox/145.0\""}}
[info] i  hosting: ::1 - - [25/Nov/2025:13:46:41 +0000] "GET /bundle.js HTTP/1.1" 404 148 "http://localhost:5000/Account.html" "Mozilla/5.0 (Windows NT 10.0; Win64; x64; rv:145.0) Gecko/20100101 Firefox/145.0" {"metadata":{"emulator":{"name":"hosting"},"message":"::1 - - [25/Nov/2025:13:46:41 +0000] \"GET /bundle.js HTTP/1.1\" 404 148 \"http://localhost:5000/Account.html\" \"Mozilla/5.0 (Windows NT 10.0; Win64; x64; rv:145.0) Gecko/20100101 Firefox/145.0\""}}
